<?xml version="1.0" encoding="UTF-8"?>
<robot generator="Robot 3.2.1 (Python 3.8.1 on darwin)" generated="20200729 16:12:24.292" rpa="false">
<suite id="s1" name="Login Testcases" source="/Users/long.tranhoang/AutomationTest/robotframework-seleniumlibrary/tests/login/login_testcases.robot">
<test id="s1-t1" name="Verify invalid credentials">
<kw name="Open browser and access to page" library="common_keywords" type="setup">
<arguments>
<arg>${browser}</arg>
<arg>${ENVIRONMENT.${ENV}.BASE_URL}</arg>
</arguments>
<kw name="Access Web Page" library="BaseTest">
<arguments>
<arg>${web_browser}</arg>
<arg>${web_page}</arg>
</arguments>
<msg timestamp="20200729 16:12:26.675" level="INFO">Skipping download. File /Users/long.tranhoang/Library/Application Support/WebDriverManager/chrome/84.0.4147.30/chromedriver_mac64.zip already on filesystem.</msg>
<msg timestamp="20200729 16:12:27.420" level="INFO">Symlink already exists: /Users/long.tranhoang/Library/Application Support/WebDriverManager/bin/chromedriver -&gt; /Users/long.tranhoang/Library/Application Support/WebDriverManager/chrome/84.0.4147.30/chromedriver_mac64/chromedriver</msg>
<status status="PASS" starttime="20200729 16:12:24.567" endtime="20200729 16:12:30.500"></status>
</kw>
<status status="PASS" starttime="20200729 16:12:24.566" endtime="20200729 16:12:30.501"></status>
</kw>
<kw name="Access to Sign in page" library="login_actions">
<kw name="Sleep" library="BuiltIn">
<doc>Pauses the test executed for the given time.</doc>
<arguments>
<arg>5s</arg>
</arguments>
<msg timestamp="20200729 16:12:35.504" level="INFO">Slept 5 seconds</msg>
<status status="PASS" starttime="20200729 16:12:30.502" endtime="20200729 16:12:35.504"></status>
</kw>
<kw name="Click Element" library="SeleniumLibrary">
<doc>Click the element identified by ``locator``.</doc>
<arguments>
<arg>${signin_button}</arg>
</arguments>
<msg timestamp="20200729 16:12:35.505" level="INFO">Clicking element 'xpath=//a[@href="/login"]'.</msg>
<kw name="Capture Page Screenshot" library="SeleniumLibrary">
<doc>Takes a screenshot of the current page and embeds it into a log file.</doc>
<msg timestamp="20200729 16:12:35.506" level="INFO">Cannot capture screenshot because no browser is open.</msg>
<status status="PASS" starttime="20200729 16:12:35.505" endtime="20200729 16:12:35.506"></status>
</kw>
<msg timestamp="20200729 16:12:35.509" level="FAIL">No browser is open.</msg>
<status status="FAIL" starttime="20200729 16:12:35.504" endtime="20200729 16:12:35.509"></status>
</kw>
<status status="FAIL" starttime="20200729 16:12:30.501" endtime="20200729 16:12:35.509"></status>
</kw>
<kw name="Close Browser" library="SeleniumLibrary" type="teardown">
<doc>Closes the current browser.</doc>
<status status="PASS" starttime="20200729 16:12:35.510" endtime="20200729 16:12:35.511"></status>
</kw>
<tags>
<tag>login_failed</tag>
</tags>
<status status="FAIL" starttime="20200729 16:12:24.566" endtime="20200729 16:12:35.511" critical="yes">No browser is open.</status>
</test>
<doc>Test suite contains all the test cases of Login feature</doc>
<status status="FAIL" starttime="20200729 16:12:24.294" endtime="20200729 16:12:35.512"></status>
</suite>
<statistics>
<total>
<stat pass="0" fail="1">Critical Tests</stat>
<stat pass="0" fail="1">All Tests</stat>
</total>
<tag>
<stat pass="0" fail="1">login_failed</stat>
</tag>
<suite>
<stat pass="0" fail="1" id="s1" name="Login Testcases">Login Testcases</stat>
</suite>
</statistics>
<errors>
</errors>
</robot>
