<?xml version="1.0" encoding="UTF-8" ?>
<testsuite tests="12" failures="2" name="runner.LoginRunner" time="0.95" errors="0" skipped="0">
  <properties>
[...]
</properties>
  <testcase classname="Scenario: Login invalid" name="When user open browser and access page linkedin" time="0.002"/>
  <testcase classname="Scenario: Login invalid" name="Then user should see Login page of Linkedin" time="0"/>
  <testcase classname="Scenario: Login invalid" name="When user input invalid username and password" time="0"/>
  <testcase classname="Scenario: Login invalid" name="And clicks Signin button" time="0"/>
  <testcase classname="Scenario: Login invalid" name="Then user see the error message" time="0"/>
  <testcase classname="Scenario: Login invalid" name="Scenario: Login invalid" time="0.935"/>
  <testcase classname="Scenario: Login valid" name="When user open browser and access page linkedin" time="0"/>
  <testcase classname="Scenario: Login valid" name="Then user should see Login page of Linkedin" time="0"/>
  <testcase classname="Scenario: Login valid" name="When user input valid username and password" time="0"/>
  <testcase classname="Scenario: Login valid" name="And clicks Signin button" time="0"/>
  <testcase classname="Scenario: Login valid" name="Then user see the home page" time="0.006">
    <failure type="java.lang.AssertionError">java.lang.AssertionError
	at org.junit.Assert.fail(Assert.java:86)
	at org.junit.Assert.assertTrue(Assert.java:41)
	at org.junit.Assert.assertTrue(Assert.java:52)
	at steps.LoginSteps.checkHomePageOpened(LoginSteps.java:55)
	at ✽.Then user see the home page(src/test/resources/testcases/Login.feature:15)
</failure>
  </testcase>
  <testcase classname="Scenario: Login valid" name="Scenario: Login valid" time="0.007">
    <failure type="java.lang.AssertionError">java.lang.AssertionError
	at org.junit.Assert.fail(Assert.java:86)
	at org.junit.Assert.assertTrue(Assert.java:41)
	at org.junit.Assert.assertTrue(Assert.java:52)
	at steps.LoginSteps.checkHomePageOpened(LoginSteps.java:55)
	at ✽.Then user see the home page(src/test/resources/testcases/Login.feature:15)
</failure>
  </testcase>
</testsuite>